[1;35mStarting selenium server... [0m[1;35mstarted - PID: [0m 3412

[0;36m[40m[Create Company Sarma\url] Test Suite[0m
[0;35m=====================================[0m

Running:  [0;32mcheck url valid information[0m
 [0;32mâœ”[0m Element <body> was visible after 1010 milliseconds.
 [0;32mâœ”[0m Testing if element <#auth-form> is visible.
 [0;32mâœ”[0m Element <#taskbar> was visible after 38 milliseconds.
 [0;32mâœ”[0m check for added http://
 [0;32mâœ”[0m check for changed https:// to http://
 [0;32mâœ”[0m check for deleted www.
 [0;32mâœ”[0m check for deleted /index.php
 [0;32mâœ”[0m check for deleted /index.html
 [0;31mâœ–[0m check for invalid url [1;37m - expected [0;32m"block"[0m[0m but got: [0;31mnone[0m
[0;37m    at Object.module.exports.check url valid information (d:\work\nightwatch\nightwatch-0.8.16\tests\createCompanySarma\url.js:50:25)
    at Module.call (d:\work\nightwatch\nightwatch-0.8.16\lib\runner\module.js:63:34)
    at d:\work\nightwatch\nightwatch-0.8.16\lib\runner\testcase.js:97:29
    at _fulfilled (d:\work\nightwatch\nightwatch-0.8.16\node_modules\q\q.js:834:54)
    at self.promiseDispatch.done (d:\work\nightwatch\nightwatch-0.8.16\node_modules\q\q.js:863:30)
    at Promise.promise.promiseDispatch (d:\work\nightwatch\nightwatch-0.8.16\node_modules\q\q.js:796:13)
    at d:\work\nightwatch\nightwatch-0.8.16\node_modules\q\q.js:556:49
    at runSingle (d:\work\nightwatch\nightwatch-0.8.16\node_modules\q\q.js:137:13)
    at flush (d:\work\nightwatch\nightwatch-0.8.16\node_modules\q\q.js:125:13)
    at process._tickCallback (node.js:355:11)[0m
 [0;32mâœ”[0m check for added existed url
 [0;32mâœ”[0m test kirilic symbols
 [0;32mâœ”[0m punycode converts to kirilic

[0;31mFAILED: [0m [0;31m1[0m assertions failed and [0;32m11[0m passed (36.871s)

----------------------------------------------------
[1;31mTEST FAILURE:[0m [0;31m1[0m assertions failed, [0;32m11[0m passed (37.031s)
[0;31m âœ– createCompanySarma\url[0m
   - check url valid information
     check for invalid url - Expected "block" but got: "none"

